ERROR - 2024-12-28 11:13:39 --> mysqli_sql_exception: Unknown column 'rbd.jumlah' in 'field list' in /home/trxspider/api/api-gucitoak.softwarebali.com/system/Database/MySQLi/Connection.php:308
Stack trace:
#0 /home/trxspider/api/api-gucitoak.softwarebali.com/system/Database/MySQLi/Connection.php(308): mysqli->query('SELECT br.namab...', 0)
#1 /home/trxspider/api/api-gucitoak.softwarebali.com/system/Database/BaseConnection.php(722): CodeIgniter\Database\MySQLi\Connection->execute('SELECT br.namab...')
#2 /home/trxspider/api/api-gucitoak.softwarebali.com/system/Database/BaseConnection.php(636): CodeIgniter\Database\BaseConnection->simpleQuery('SELECT br.namab...')
#3 /home/trxspider/api/api-gucitoak.softwarebali.com/app/Models/V1/Mdl_retur.php(200): CodeIgniter\Database\BaseConnection->query('SELECT br.namab...', '1')
#4 /home/trxspider/api/api-gucitoak.softwarebali.com/app/Controllers/V1/Retur.php(100): App\Models\V1\Mdl_retur->barang_returpel('1')
#5 /home/trxspider/api/api-gucitoak.softwarebali.com/system/CodeIgniter.php(933): App\Controllers\V1\Retur->getbarang_returpel()
#6 /home/trxspider/api/api-gucitoak.softwarebali.com/system/CodeIgniter.php(509): CodeIgniter\CodeIgniter->runController(Object(App\Controllers\V1\Retur))
#7 /home/trxspider/api/api-gucitoak.softwarebali.com/system/CodeIgniter.php(355): CodeIgniter\CodeIgniter->handleRequest(NULL, Object(Config\Cache), false)
#8 /home/trxspider/api/api-gucitoak.softwarebali.com/system/Boot.php(312): CodeIgniter\CodeIgniter->run()
#9 /home/trxspider/api/api-gucitoak.softwarebali.com/system/Boot.php(67): CodeIgniter\Boot::runCodeIgniter(Object(CodeIgniter\CodeIgniter))
#10 /home/trxspider/api/api-gucitoak.softwarebali.com/public/index.php(56): CodeIgniter\Boot::bootWeb(Object(Config\Paths))
#11 {main}
CRITICAL - 2024-12-28 11:13:39 --> CodeIgniter\Database\Exceptions\DatabaseException: Unknown column 'rbd.jumlah' in 'field list'
[Method: POST, Route: v1/retur/getbarang_returpel]
in SYSTEMPATH/Database/BaseConnection.php on line 676.
 1 APPPATH/Models/V1/Mdl_retur.php(200): CodeIgniter\Database\BaseConnection->query('SELECT br.namabarang, sum(rbd.jumlah) as jumlah
                FROM
                    barang br 
                INNER JOIN 
                    barang_detail bd ON br.id=bd.barang_id
                INNER JOIN
                    retur_jual_detail rjd ON rjd.barcode=bd.barcode
                WHERE rbd.id=?
                GROUP BY br.id, br.namabarang
        ', '1')
 2 APPPATH/Controllers/V1/Retur.php(100): App\Models\V1\Mdl_retur->barang_returpel('1')
 3 SYSTEMPATH/CodeIgniter.php(933): App\Controllers\V1\Retur->getbarang_returpel()
 4 SYSTEMPATH/CodeIgniter.php(509): CodeIgniter\CodeIgniter->runController(Object(App\Controllers\V1\Retur))
 5 SYSTEMPATH/CodeIgniter.php(355): CodeIgniter\CodeIgniter->handleRequest(null, Object(Config\Cache), false)
 6 SYSTEMPATH/Boot.php(312): CodeIgniter\CodeIgniter->run()
 7 SYSTEMPATH/Boot.php(67): CodeIgniter\Boot::runCodeIgniter(Object(CodeIgniter\CodeIgniter))
 8 FCPATH/index.php(56): CodeIgniter\Boot::bootWeb(Object(Config\Paths))
CRITICAL - 2024-12-28 11:13:39 --> [Caused by] CodeIgniter\Database\Exceptions\DatabaseException: Unknown column 'rbd.jumlah' in 'field list'
in SYSTEMPATH/Database/MySQLi/Connection.php on line 313.
 1 SYSTEMPATH/Database/BaseConnection.php(722): CodeIgniter\Database\MySQLi\Connection->execute('SELECT br.namabarang, sum(rbd.jumlah) as jumlah
                FROM
                    barang br 
                INNER JOIN 
                    barang_detail bd ON br.id=bd.barang_id
                INNER JOIN
                    retur_jual_detail rjd ON rjd.barcode=bd.barcode
                WHERE rbd.id=\'1\'
                GROUP BY br.id, br.namabarang
        ')
 2 SYSTEMPATH/Database/BaseConnection.php(636): CodeIgniter\Database\BaseConnection->simpleQuery('SELECT br.namabarang, sum(rbd.jumlah) as jumlah
                FROM
                    barang br 
                INNER JOIN 
                    barang_detail bd ON br.id=bd.barang_id
                INNER JOIN
                    retur_jual_detail rjd ON rjd.barcode=bd.barcode
                WHERE rbd.id=\'1\'
                GROUP BY br.id, br.namabarang
        ')
 3 APPPATH/Models/V1/Mdl_retur.php(200): CodeIgniter\Database\BaseConnection->query('SELECT br.namabarang, sum(rbd.jumlah) as jumlah
                FROM
                    barang br 
                INNER JOIN 
                    barang_detail bd ON br.id=bd.barang_id
                INNER JOIN
                    retur_jual_detail rjd ON rjd.barcode=bd.barcode
                WHERE rbd.id=?
                GROUP BY br.id, br.namabarang
        ', '1')
 4 APPPATH/Controllers/V1/Retur.php(100): App\Models\V1\Mdl_retur->barang_returpel('1')
 5 SYSTEMPATH/CodeIgniter.php(933): App\Controllers\V1\Retur->getbarang_returpel()
 6 SYSTEMPATH/CodeIgniter.php(509): CodeIgniter\CodeIgniter->runController(Object(App\Controllers\V1\Retur))
 7 SYSTEMPATH/CodeIgniter.php(355): CodeIgniter\CodeIgniter->handleRequest(null, Object(Config\Cache), false)
 8 SYSTEMPATH/Boot.php(312): CodeIgniter\CodeIgniter->run()
 9 SYSTEMPATH/Boot.php(67): CodeIgniter\Boot::runCodeIgniter(Object(CodeIgniter\CodeIgniter))
10 FCPATH/index.php(56): CodeIgniter\Boot::bootWeb(Object(Config\Paths))
CRITICAL - 2024-12-28 11:13:39 --> [Caused by] mysqli_sql_exception: Unknown column 'rbd.jumlah' in 'field list'
in SYSTEMPATH/Database/MySQLi/Connection.php on line 308.
 1 SYSTEMPATH/Database/MySQLi/Connection.php(308): mysqli->query('SELECT br.namabarang, sum(rbd.jumlah) as jumlah
                FROM
                    barang br 
                INNER JOIN 
                    barang_detail bd ON br.id=bd.barang_id
                INNER JOIN
                    retur_jual_detail rjd ON rjd.barcode=bd.barcode
                WHERE rbd.id=\'1\'
                GROUP BY br.id, br.namabarang
        ', 0)
 2 SYSTEMPATH/Database/BaseConnection.php(722): CodeIgniter\Database\MySQLi\Connection->execute('SELECT br.namabarang, sum(rbd.jumlah) as jumlah
                FROM
                    barang br 
                INNER JOIN 
                    barang_detail bd ON br.id=bd.barang_id
                INNER JOIN
                    retur_jual_detail rjd ON rjd.barcode=bd.barcode
                WHERE rbd.id=\'1\'
                GROUP BY br.id, br.namabarang
        ')
 3 SYSTEMPATH/Database/BaseConnection.php(636): CodeIgniter\Database\BaseConnection->simpleQuery('SELECT br.namabarang, sum(rbd.jumlah) as jumlah
                FROM
                    barang br 
                INNER JOIN 
                    barang_detail bd ON br.id=bd.barang_id
                INNER JOIN
                    retur_jual_detail rjd ON rjd.barcode=bd.barcode
                WHERE rbd.id=\'1\'
                GROUP BY br.id, br.namabarang
        ')
 4 APPPATH/Models/V1/Mdl_retur.php(200): CodeIgniter\Database\BaseConnection->query('SELECT br.namabarang, sum(rbd.jumlah) as jumlah
                FROM
                    barang br 
                INNER JOIN 
                    barang_detail bd ON br.id=bd.barang_id
                INNER JOIN
                    retur_jual_detail rjd ON rjd.barcode=bd.barcode
                WHERE rbd.id=?
                GROUP BY br.id, br.namabarang
        ', '1')
 5 APPPATH/Controllers/V1/Retur.php(100): App\Models\V1\Mdl_retur->barang_returpel('1')
 6 SYSTEMPATH/CodeIgniter.php(933): App\Controllers\V1\Retur->getbarang_returpel()
 7 SYSTEMPATH/CodeIgniter.php(509): CodeIgniter\CodeIgniter->runController(Object(App\Controllers\V1\Retur))
 8 SYSTEMPATH/CodeIgniter.php(355): CodeIgniter\CodeIgniter->handleRequest(null, Object(Config\Cache), false)
 9 SYSTEMPATH/Boot.php(312): CodeIgniter\CodeIgniter->run()
10 SYSTEMPATH/Boot.php(67): CodeIgniter\Boot::runCodeIgniter(Object(CodeIgniter\CodeIgniter))
11 FCPATH/index.php(56): CodeIgniter\Boot::bootWeb(Object(Config\Paths))
ERROR - 2024-12-28 11:13:42 --> mysqli_sql_exception: Unknown column 'rbd.jumlah' in 'field list' in /home/trxspider/api/api-gucitoak.softwarebali.com/system/Database/MySQLi/Connection.php:308
Stack trace:
#0 /home/trxspider/api/api-gucitoak.softwarebali.com/system/Database/MySQLi/Connection.php(308): mysqli->query('SELECT br.namab...', 0)
#1 /home/trxspider/api/api-gucitoak.softwarebali.com/system/Database/BaseConnection.php(722): CodeIgniter\Database\MySQLi\Connection->execute('SELECT br.namab...')
#2 /home/trxspider/api/api-gucitoak.softwarebali.com/system/Database/BaseConnection.php(636): CodeIgniter\Database\BaseConnection->simpleQuery('SELECT br.namab...')
#3 /home/trxspider/api/api-gucitoak.softwarebali.com/app/Models/V1/Mdl_retur.php(200): CodeIgniter\Database\BaseConnection->query('SELECT br.namab...', '1')
#4 /home/trxspider/api/api-gucitoak.softwarebali.com/app/Controllers/V1/Retur.php(100): App\Models\V1\Mdl_retur->barang_returpel('1')
#5 /home/trxspider/api/api-gucitoak.softwarebali.com/system/CodeIgniter.php(933): App\Controllers\V1\Retur->getbarang_returpel()
#6 /home/trxspider/api/api-gucitoak.softwarebali.com/system/CodeIgniter.php(509): CodeIgniter\CodeIgniter->runController(Object(App\Controllers\V1\Retur))
#7 /home/trxspider/api/api-gucitoak.softwarebali.com/system/CodeIgniter.php(355): CodeIgniter\CodeIgniter->handleRequest(NULL, Object(Config\Cache), false)
#8 /home/trxspider/api/api-gucitoak.softwarebali.com/system/Boot.php(312): CodeIgniter\CodeIgniter->run()
#9 /home/trxspider/api/api-gucitoak.softwarebali.com/system/Boot.php(67): CodeIgniter\Boot::runCodeIgniter(Object(CodeIgniter\CodeIgniter))
#10 /home/trxspider/api/api-gucitoak.softwarebali.com/public/index.php(56): CodeIgniter\Boot::bootWeb(Object(Config\Paths))
#11 {main}
CRITICAL - 2024-12-28 11:13:42 --> CodeIgniter\Database\Exceptions\DatabaseException: Unknown column 'rbd.jumlah' in 'field list'
[Method: POST, Route: v1/retur/getbarang_returpel]
in SYSTEMPATH/Database/BaseConnection.php on line 676.
 1 APPPATH/Models/V1/Mdl_retur.php(200): CodeIgniter\Database\BaseConnection->query('SELECT br.namabarang, sum(rbd.jumlah) as jumlah
                FROM
                    barang br 
                INNER JOIN 
                    barang_detail bd ON br.id=bd.barang_id
                INNER JOIN
                    retur_jual_detail rjd ON rjd.barcode=bd.barcode
                WHERE rbd.id=?
                GROUP BY br.id, br.namabarang
        ', '1')
 2 APPPATH/Controllers/V1/Retur.php(100): App\Models\V1\Mdl_retur->barang_returpel('1')
 3 SYSTEMPATH/CodeIgniter.php(933): App\Controllers\V1\Retur->getbarang_returpel()
 4 SYSTEMPATH/CodeIgniter.php(509): CodeIgniter\CodeIgniter->runController(Object(App\Controllers\V1\Retur))
 5 SYSTEMPATH/CodeIgniter.php(355): CodeIgniter\CodeIgniter->handleRequest(null, Object(Config\Cache), false)
 6 SYSTEMPATH/Boot.php(312): CodeIgniter\CodeIgniter->run()
 7 SYSTEMPATH/Boot.php(67): CodeIgniter\Boot::runCodeIgniter(Object(CodeIgniter\CodeIgniter))
 8 FCPATH/index.php(56): CodeIgniter\Boot::bootWeb(Object(Config\Paths))
CRITICAL - 2024-12-28 11:13:42 --> [Caused by] CodeIgniter\Database\Exceptions\DatabaseException: Unknown column 'rbd.jumlah' in 'field list'
in SYSTEMPATH/Database/MySQLi/Connection.php on line 313.
 1 SYSTEMPATH/Database/BaseConnection.php(722): CodeIgniter\Database\MySQLi\Connection->execute('SELECT br.namabarang, sum(rbd.jumlah) as jumlah
                FROM
                    barang br 
                INNER JOIN 
                    barang_detail bd ON br.id=bd.barang_id
                INNER JOIN
                    retur_jual_detail rjd ON rjd.barcode=bd.barcode
                WHERE rbd.id=\'1\'
                GROUP BY br.id, br.namabarang
        ')
 2 SYSTEMPATH/Database/BaseConnection.php(636): CodeIgniter\Database\BaseConnection->simpleQuery('SELECT br.namabarang, sum(rbd.jumlah) as jumlah
                FROM
                    barang br 
                INNER JOIN 
                    barang_detail bd ON br.id=bd.barang_id
                INNER JOIN
                    retur_jual_detail rjd ON rjd.barcode=bd.barcode
                WHERE rbd.id=\'1\'
                GROUP BY br.id, br.namabarang
        ')
 3 APPPATH/Models/V1/Mdl_retur.php(200): CodeIgniter\Database\BaseConnection->query('SELECT br.namabarang, sum(rbd.jumlah) as jumlah
                FROM
                    barang br 
                INNER JOIN 
                    barang_detail bd ON br.id=bd.barang_id
                INNER JOIN
                    retur_jual_detail rjd ON rjd.barcode=bd.barcode
                WHERE rbd.id=?
                GROUP BY br.id, br.namabarang
        ', '1')
 4 APPPATH/Controllers/V1/Retur.php(100): App\Models\V1\Mdl_retur->barang_returpel('1')
 5 SYSTEMPATH/CodeIgniter.php(933): App\Controllers\V1\Retur->getbarang_returpel()
 6 SYSTEMPATH/CodeIgniter.php(509): CodeIgniter\CodeIgniter->runController(Object(App\Controllers\V1\Retur))
 7 SYSTEMPATH/CodeIgniter.php(355): CodeIgniter\CodeIgniter->handleRequest(null, Object(Config\Cache), false)
 8 SYSTEMPATH/Boot.php(312): CodeIgniter\CodeIgniter->run()
 9 SYSTEMPATH/Boot.php(67): CodeIgniter\Boot::runCodeIgniter(Object(CodeIgniter\CodeIgniter))
10 FCPATH/index.php(56): CodeIgniter\Boot::bootWeb(Object(Config\Paths))
CRITICAL - 2024-12-28 11:13:42 --> [Caused by] mysqli_sql_exception: Unknown column 'rbd.jumlah' in 'field list'
in SYSTEMPATH/Database/MySQLi/Connection.php on line 308.
 1 SYSTEMPATH/Database/MySQLi/Connection.php(308): mysqli->query('SELECT br.namabarang, sum(rbd.jumlah) as jumlah
                FROM
                    barang br 
                INNER JOIN 
                    barang_detail bd ON br.id=bd.barang_id
                INNER JOIN
                    retur_jual_detail rjd ON rjd.barcode=bd.barcode
                WHERE rbd.id=\'1\'
                GROUP BY br.id, br.namabarang
        ', 0)
 2 SYSTEMPATH/Database/BaseConnection.php(722): CodeIgniter\Database\MySQLi\Connection->execute('SELECT br.namabarang, sum(rbd.jumlah) as jumlah
                FROM
                    barang br 
                INNER JOIN 
                    barang_detail bd ON br.id=bd.barang_id
                INNER JOIN
                    retur_jual_detail rjd ON rjd.barcode=bd.barcode
                WHERE rbd.id=\'1\'
                GROUP BY br.id, br.namabarang
        ')
 3 SYSTEMPATH/Database/BaseConnection.php(636): CodeIgniter\Database\BaseConnection->simpleQuery('SELECT br.namabarang, sum(rbd.jumlah) as jumlah
                FROM
                    barang br 
                INNER JOIN 
                    barang_detail bd ON br.id=bd.barang_id
                INNER JOIN
                    retur_jual_detail rjd ON rjd.barcode=bd.barcode
                WHERE rbd.id=\'1\'
                GROUP BY br.id, br.namabarang
        ')
 4 APPPATH/Models/V1/Mdl_retur.php(200): CodeIgniter\Database\BaseConnection->query('SELECT br.namabarang, sum(rbd.jumlah) as jumlah
                FROM
                    barang br 
                INNER JOIN 
                    barang_detail bd ON br.id=bd.barang_id
                INNER JOIN
                    retur_jual_detail rjd ON rjd.barcode=bd.barcode
                WHERE rbd.id=?
                GROUP BY br.id, br.namabarang
        ', '1')
 5 APPPATH/Controllers/V1/Retur.php(100): App\Models\V1\Mdl_retur->barang_returpel('1')
 6 SYSTEMPATH/CodeIgniter.php(933): App\Controllers\V1\Retur->getbarang_returpel()
 7 SYSTEMPATH/CodeIgniter.php(509): CodeIgniter\CodeIgniter->runController(Object(App\Controllers\V1\Retur))
 8 SYSTEMPATH/CodeIgniter.php(355): CodeIgniter\CodeIgniter->handleRequest(null, Object(Config\Cache), false)
 9 SYSTEMPATH/Boot.php(312): CodeIgniter\CodeIgniter->run()
10 SYSTEMPATH/Boot.php(67): CodeIgniter\Boot::runCodeIgniter(Object(CodeIgniter\CodeIgniter))
11 FCPATH/index.php(56): CodeIgniter\Boot::bootWeb(Object(Config\Paths))
ERROR - 2024-12-28 11:13:58 --> mysqli_sql_exception: Unknown column 'rbd.jumlah' in 'field list' in /home/trxspider/api/api-gucitoak.softwarebali.com/system/Database/MySQLi/Connection.php:308
Stack trace:
#0 /home/trxspider/api/api-gucitoak.softwarebali.com/system/Database/MySQLi/Connection.php(308): mysqli->query('SELECT br.namab...', 0)
#1 /home/trxspider/api/api-gucitoak.softwarebali.com/system/Database/BaseConnection.php(722): CodeIgniter\Database\MySQLi\Connection->execute('SELECT br.namab...')
#2 /home/trxspider/api/api-gucitoak.softwarebali.com/system/Database/BaseConnection.php(636): CodeIgniter\Database\BaseConnection->simpleQuery('SELECT br.namab...')
#3 /home/trxspider/api/api-gucitoak.softwarebali.com/app/Models/V1/Mdl_retur.php(200): CodeIgniter\Database\BaseConnection->query('SELECT br.namab...', '1')
#4 /home/trxspider/api/api-gucitoak.softwarebali.com/app/Controllers/V1/Retur.php(100): App\Models\V1\Mdl_retur->barang_returpel('1')
#5 /home/trxspider/api/api-gucitoak.softwarebali.com/system/CodeIgniter.php(933): App\Controllers\V1\Retur->getbarang_returpel()
#6 /home/trxspider/api/api-gucitoak.softwarebali.com/system/CodeIgniter.php(509): CodeIgniter\CodeIgniter->runController(Object(App\Controllers\V1\Retur))
#7 /home/trxspider/api/api-gucitoak.softwarebali.com/system/CodeIgniter.php(355): CodeIgniter\CodeIgniter->handleRequest(NULL, Object(Config\Cache), false)
#8 /home/trxspider/api/api-gucitoak.softwarebali.com/system/Boot.php(312): CodeIgniter\CodeIgniter->run()
#9 /home/trxspider/api/api-gucitoak.softwarebali.com/system/Boot.php(67): CodeIgniter\Boot::runCodeIgniter(Object(CodeIgniter\CodeIgniter))
#10 /home/trxspider/api/api-gucitoak.softwarebali.com/public/index.php(56): CodeIgniter\Boot::bootWeb(Object(Config\Paths))
#11 {main}
CRITICAL - 2024-12-28 11:13:58 --> CodeIgniter\Database\Exceptions\DatabaseException: Unknown column 'rbd.jumlah' in 'field list'
[Method: POST, Route: v1/retur/getbarang_returpel]
in SYSTEMPATH/Database/BaseConnection.php on line 676.
 1 APPPATH/Models/V1/Mdl_retur.php(200): CodeIgniter\Database\BaseConnection->query('SELECT br.namabarang, sum(rbd.jumlah) as jumlah
                FROM
                    barang br 
                INNER JOIN 
                    barang_detail bd ON br.id=bd.barang_id
                INNER JOIN
                    retur_jual_detail rjd ON rjd.barcode=bd.barcode
                WHERE rbd.id=?
                GROUP BY br.id, br.namabarang
        ', '1')
 2 APPPATH/Controllers/V1/Retur.php(100): App\Models\V1\Mdl_retur->barang_returpel('1')
 3 SYSTEMPATH/CodeIgniter.php(933): App\Controllers\V1\Retur->getbarang_returpel()
 4 SYSTEMPATH/CodeIgniter.php(509): CodeIgniter\CodeIgniter->runController(Object(App\Controllers\V1\Retur))
 5 SYSTEMPATH/CodeIgniter.php(355): CodeIgniter\CodeIgniter->handleRequest(null, Object(Config\Cache), false)
 6 SYSTEMPATH/Boot.php(312): CodeIgniter\CodeIgniter->run()
 7 SYSTEMPATH/Boot.php(67): CodeIgniter\Boot::runCodeIgniter(Object(CodeIgniter\CodeIgniter))
 8 FCPATH/index.php(56): CodeIgniter\Boot::bootWeb(Object(Config\Paths))
CRITICAL - 2024-12-28 11:13:58 --> [Caused by] CodeIgniter\Database\Exceptions\DatabaseException: Unknown column 'rbd.jumlah' in 'field list'
in SYSTEMPATH/Database/MySQLi/Connection.php on line 313.
 1 SYSTEMPATH/Database/BaseConnection.php(722): CodeIgniter\Database\MySQLi\Connection->execute('SELECT br.namabarang, sum(rbd.jumlah) as jumlah
                FROM
                    barang br 
                INNER JOIN 
                    barang_detail bd ON br.id=bd.barang_id
                INNER JOIN
                    retur_jual_detail rjd ON rjd.barcode=bd.barcode
                WHERE rbd.id=\'1\'
                GROUP BY br.id, br.namabarang
        ')
 2 SYSTEMPATH/Database/BaseConnection.php(636): CodeIgniter\Database\BaseConnection->simpleQuery('SELECT br.namabarang, sum(rbd.jumlah) as jumlah
                FROM
                    barang br 
                INNER JOIN 
                    barang_detail bd ON br.id=bd.barang_id
                INNER JOIN
                    retur_jual_detail rjd ON rjd.barcode=bd.barcode
                WHERE rbd.id=\'1\'
                GROUP BY br.id, br.namabarang
        ')
 3 APPPATH/Models/V1/Mdl_retur.php(200): CodeIgniter\Database\BaseConnection->query('SELECT br.namabarang, sum(rbd.jumlah) as jumlah
                FROM
                    barang br 
                INNER JOIN 
                    barang_detail bd ON br.id=bd.barang_id
                INNER JOIN
                    retur_jual_detail rjd ON rjd.barcode=bd.barcode
                WHERE rbd.id=?
                GROUP BY br.id, br.namabarang
        ', '1')
 4 APPPATH/Controllers/V1/Retur.php(100): App\Models\V1\Mdl_retur->barang_returpel('1')
 5 SYSTEMPATH/CodeIgniter.php(933): App\Controllers\V1\Retur->getbarang_returpel()
 6 SYSTEMPATH/CodeIgniter.php(509): CodeIgniter\CodeIgniter->runController(Object(App\Controllers\V1\Retur))
 7 SYSTEMPATH/CodeIgniter.php(355): CodeIgniter\CodeIgniter->handleRequest(null, Object(Config\Cache), false)
 8 SYSTEMPATH/Boot.php(312): CodeIgniter\CodeIgniter->run()
 9 SYSTEMPATH/Boot.php(67): CodeIgniter\Boot::runCodeIgniter(Object(CodeIgniter\CodeIgniter))
10 FCPATH/index.php(56): CodeIgniter\Boot::bootWeb(Object(Config\Paths))
CRITICAL - 2024-12-28 11:13:58 --> [Caused by] mysqli_sql_exception: Unknown column 'rbd.jumlah' in 'field list'
in SYSTEMPATH/Database/MySQLi/Connection.php on line 308.
 1 SYSTEMPATH/Database/MySQLi/Connection.php(308): mysqli->query('SELECT br.namabarang, sum(rbd.jumlah) as jumlah
                FROM
                    barang br 
                INNER JOIN 
                    barang_detail bd ON br.id=bd.barang_id
                INNER JOIN
                    retur_jual_detail rjd ON rjd.barcode=bd.barcode
                WHERE rbd.id=\'1\'
                GROUP BY br.id, br.namabarang
        ', 0)
 2 SYSTEMPATH/Database/BaseConnection.php(722): CodeIgniter\Database\MySQLi\Connection->execute('SELECT br.namabarang, sum(rbd.jumlah) as jumlah
                FROM
                    barang br 
                INNER JOIN 
                    barang_detail bd ON br.id=bd.barang_id
                INNER JOIN
                    retur_jual_detail rjd ON rjd.barcode=bd.barcode
                WHERE rbd.id=\'1\'
                GROUP BY br.id, br.namabarang
        ')
 3 SYSTEMPATH/Database/BaseConnection.php(636): CodeIgniter\Database\BaseConnection->simpleQuery('SELECT br.namabarang, sum(rbd.jumlah) as jumlah
                FROM
                    barang br 
                INNER JOIN 
                    barang_detail bd ON br.id=bd.barang_id
                INNER JOIN
                    retur_jual_detail rjd ON rjd.barcode=bd.barcode
                WHERE rbd.id=\'1\'
                GROUP BY br.id, br.namabarang
        ')
 4 APPPATH/Models/V1/Mdl_retur.php(200): CodeIgniter\Database\BaseConnection->query('SELECT br.namabarang, sum(rbd.jumlah) as jumlah
                FROM
                    barang br 
                INNER JOIN 
                    barang_detail bd ON br.id=bd.barang_id
                INNER JOIN
                    retur_jual_detail rjd ON rjd.barcode=bd.barcode
                WHERE rbd.id=?
                GROUP BY br.id, br.namabarang
        ', '1')
 5 APPPATH/Controllers/V1/Retur.php(100): App\Models\V1\Mdl_retur->barang_returpel('1')
 6 SYSTEMPATH/CodeIgniter.php(933): App\Controllers\V1\Retur->getbarang_returpel()
 7 SYSTEMPATH/CodeIgniter.php(509): CodeIgniter\CodeIgniter->runController(Object(App\Controllers\V1\Retur))
 8 SYSTEMPATH/CodeIgniter.php(355): CodeIgniter\CodeIgniter->handleRequest(null, Object(Config\Cache), false)
 9 SYSTEMPATH/Boot.php(312): CodeIgniter\CodeIgniter->run()
10 SYSTEMPATH/Boot.php(67): CodeIgniter\Boot::runCodeIgniter(Object(CodeIgniter\CodeIgniter))
11 FCPATH/index.php(56): CodeIgniter\Boot::bootWeb(Object(Config\Paths))
INFO - 2024-12-28 11:15:00 --> Session: Class initialized using 'CodeIgniter\Session\Handlers\FileHandler' driver.
ERROR - 2024-12-28 11:15:00 --> mysqli_sql_exception: Unknown column 'rbd.jumlah' in 'field list' in /home/trxspider/api/api-gucitoak.softwarebali.com/system/Database/MySQLi/Connection.php:308
Stack trace:
#0 /home/trxspider/api/api-gucitoak.softwarebali.com/system/Database/MySQLi/Connection.php(308): mysqli->query('SELECT br.namab...', 0)
#1 /home/trxspider/api/api-gucitoak.softwarebali.com/system/Database/BaseConnection.php(722): CodeIgniter\Database\MySQLi\Connection->execute('SELECT br.namab...')
#2 /home/trxspider/api/api-gucitoak.softwarebali.com/system/Database/BaseConnection.php(636): CodeIgniter\Database\BaseConnection->simpleQuery('SELECT br.namab...')
#3 /home/trxspider/api/api-gucitoak.softwarebali.com/app/Models/V1/Mdl_retur.php(200): CodeIgniter\Database\BaseConnection->query('SELECT br.namab...', '1')
#4 /home/trxspider/api/api-gucitoak.softwarebali.com/app/Controllers/V1/Retur.php(100): App\Models\V1\Mdl_retur->barang_returpel('1')
#5 /home/trxspider/api/api-gucitoak.softwarebali.com/system/CodeIgniter.php(933): App\Controllers\V1\Retur->getbarang_returpel()
#6 /home/trxspider/api/api-gucitoak.softwarebali.com/system/CodeIgniter.php(509): CodeIgniter\CodeIgniter->runController(Object(App\Controllers\V1\Retur))
#7 /home/trxspider/api/api-gucitoak.softwarebali.com/system/CodeIgniter.php(355): CodeIgniter\CodeIgniter->handleRequest(NULL, Object(Config\Cache), false)
#8 /home/trxspider/api/api-gucitoak.softwarebali.com/system/Boot.php(312): CodeIgniter\CodeIgniter->run()
#9 /home/trxspider/api/api-gucitoak.softwarebali.com/system/Boot.php(67): CodeIgniter\Boot::runCodeIgniter(Object(CodeIgniter\CodeIgniter))
#10 /home/trxspider/api/api-gucitoak.softwarebali.com/public/index.php(56): CodeIgniter\Boot::bootWeb(Object(Config\Paths))
#11 {main}
CRITICAL - 2024-12-28 11:15:00 --> CodeIgniter\Database\Exceptions\DatabaseException: Unknown column 'rbd.jumlah' in 'field list'
[Method: POST, Route: v1/retur/getbarang_returpel]
in SYSTEMPATH/Database/BaseConnection.php on line 676.
 1 APPPATH/Models/V1/Mdl_retur.php(200): CodeIgniter\Database\BaseConnection->query('SELECT br.namabarang, sum(rbd.jumlah) as jumlah
                FROM
                    barang br 
                INNER JOIN 
                    barang_detail bd ON br.id=bd.barang_id
                INNER JOIN
                    retur_jual_detail rjd ON rjd.barcode=bd.barcode
                WHERE rbd.id=?
                GROUP BY br.id, br.namabarang
        ', '1')
 2 APPPATH/Controllers/V1/Retur.php(100): App\Models\V1\Mdl_retur->barang_returpel('1')
 3 SYSTEMPATH/CodeIgniter.php(933): App\Controllers\V1\Retur->getbarang_returpel()
 4 SYSTEMPATH/CodeIgniter.php(509): CodeIgniter\CodeIgniter->runController(Object(App\Controllers\V1\Retur))
 5 SYSTEMPATH/CodeIgniter.php(355): CodeIgniter\CodeIgniter->handleRequest(null, Object(Config\Cache), false)
 6 SYSTEMPATH/Boot.php(312): CodeIgniter\CodeIgniter->run()
 7 SYSTEMPATH/Boot.php(67): CodeIgniter\Boot::runCodeIgniter(Object(CodeIgniter\CodeIgniter))
 8 FCPATH/index.php(56): CodeIgniter\Boot::bootWeb(Object(Config\Paths))
CRITICAL - 2024-12-28 11:15:00 --> [Caused by] CodeIgniter\Database\Exceptions\DatabaseException: Unknown column 'rbd.jumlah' in 'field list'
in SYSTEMPATH/Database/MySQLi/Connection.php on line 313.
 1 SYSTEMPATH/Database/BaseConnection.php(722): CodeIgniter\Database\MySQLi\Connection->execute('SELECT br.namabarang, sum(rbd.jumlah) as jumlah
                FROM
                    barang br 
                INNER JOIN 
                    barang_detail bd ON br.id=bd.barang_id
                INNER JOIN
                    retur_jual_detail rjd ON rjd.barcode=bd.barcode
                WHERE rbd.id=\'1\'
                GROUP BY br.id, br.namabarang
        ')
 2 SYSTEMPATH/Database/BaseConnection.php(636): CodeIgniter\Database\BaseConnection->simpleQuery('SELECT br.namabarang, sum(rbd.jumlah) as jumlah
                FROM
                    barang br 
                INNER JOIN 
                    barang_detail bd ON br.id=bd.barang_id
                INNER JOIN
                    retur_jual_detail rjd ON rjd.barcode=bd.barcode
                WHERE rbd.id=\'1\'
                GROUP BY br.id, br.namabarang
        ')
 3 APPPATH/Models/V1/Mdl_retur.php(200): CodeIgniter\Database\BaseConnection->query('SELECT br.namabarang, sum(rbd.jumlah) as jumlah
                FROM
                    barang br 
                INNER JOIN 
                    barang_detail bd ON br.id=bd.barang_id
                INNER JOIN
                    retur_jual_detail rjd ON rjd.barcode=bd.barcode
                WHERE rbd.id=?
                GROUP BY br.id, br.namabarang
        ', '1')
 4 APPPATH/Controllers/V1/Retur.php(100): App\Models\V1\Mdl_retur->barang_returpel('1')
 5 SYSTEMPATH/CodeIgniter.php(933): App\Controllers\V1\Retur->getbarang_returpel()
 6 SYSTEMPATH/CodeIgniter.php(509): CodeIgniter\CodeIgniter->runController(Object(App\Controllers\V1\Retur))
 7 SYSTEMPATH/CodeIgniter.php(355): CodeIgniter\CodeIgniter->handleRequest(null, Object(Config\Cache), false)
 8 SYSTEMPATH/Boot.php(312): CodeIgniter\CodeIgniter->run()
 9 SYSTEMPATH/Boot.php(67): CodeIgniter\Boot::runCodeIgniter(Object(CodeIgniter\CodeIgniter))
10 FCPATH/index.php(56): CodeIgniter\Boot::bootWeb(Object(Config\Paths))
CRITICAL - 2024-12-28 11:15:00 --> [Caused by] mysqli_sql_exception: Unknown column 'rbd.jumlah' in 'field list'
in SYSTEMPATH/Database/MySQLi/Connection.php on line 308.
 1 SYSTEMPATH/Database/MySQLi/Connection.php(308): mysqli->query('SELECT br.namabarang, sum(rbd.jumlah) as jumlah
                FROM
                    barang br 
                INNER JOIN 
                    barang_detail bd ON br.id=bd.barang_id
                INNER JOIN
                    retur_jual_detail rjd ON rjd.barcode=bd.barcode
                WHERE rbd.id=\'1\'
                GROUP BY br.id, br.namabarang
        ', 0)
 2 SYSTEMPATH/Database/BaseConnection.php(722): CodeIgniter\Database\MySQLi\Connection->execute('SELECT br.namabarang, sum(rbd.jumlah) as jumlah
                FROM
                    barang br 
                INNER JOIN 
                    barang_detail bd ON br.id=bd.barang_id
                INNER JOIN
                    retur_jual_detail rjd ON rjd.barcode=bd.barcode
                WHERE rbd.id=\'1\'
                GROUP BY br.id, br.namabarang
        ')
 3 SYSTEMPATH/Database/BaseConnection.php(636): CodeIgniter\Database\BaseConnection->simpleQuery('SELECT br.namabarang, sum(rbd.jumlah) as jumlah
                FROM
                    barang br 
                INNER JOIN 
                    barang_detail bd ON br.id=bd.barang_id
                INNER JOIN
                    retur_jual_detail rjd ON rjd.barcode=bd.barcode
                WHERE rbd.id=\'1\'
                GROUP BY br.id, br.namabarang
        ')
 4 APPPATH/Models/V1/Mdl_retur.php(200): CodeIgniter\Database\BaseConnection->query('SELECT br.namabarang, sum(rbd.jumlah) as jumlah
                FROM
                    barang br 
                INNER JOIN 
                    barang_detail bd ON br.id=bd.barang_id
                INNER JOIN
                    retur_jual_detail rjd ON rjd.barcode=bd.barcode
                WHERE rbd.id=?
                GROUP BY br.id, br.namabarang
        ', '1')
 5 APPPATH/Controllers/V1/Retur.php(100): App\Models\V1\Mdl_retur->barang_returpel('1')
 6 SYSTEMPATH/CodeIgniter.php(933): App\Controllers\V1\Retur->getbarang_returpel()
 7 SYSTEMPATH/CodeIgniter.php(509): CodeIgniter\CodeIgniter->runController(Object(App\Controllers\V1\Retur))
 8 SYSTEMPATH/CodeIgniter.php(355): CodeIgniter\CodeIgniter->handleRequest(null, Object(Config\Cache), false)
 9 SYSTEMPATH/Boot.php(312): CodeIgniter\CodeIgniter->run()
10 SYSTEMPATH/Boot.php(67): CodeIgniter\Boot::runCodeIgniter(Object(CodeIgniter\CodeIgniter))
11 FCPATH/index.php(56): CodeIgniter\Boot::bootWeb(Object(Config\Paths))
INFO - 2024-12-28 11:15:24 --> Session: Class initialized using 'CodeIgniter\Session\Handlers\FileHandler' driver.
ERROR - 2024-12-28 11:15:24 --> mysqli_sql_exception: Unknown column 'rbd.id' in 'where clause' in /home/trxspider/api/api-gucitoak.softwarebali.com/system/Database/MySQLi/Connection.php:308
Stack trace:
#0 /home/trxspider/api/api-gucitoak.softwarebali.com/system/Database/MySQLi/Connection.php(308): mysqli->query('SELECT br.namab...', 0)
#1 /home/trxspider/api/api-gucitoak.softwarebali.com/system/Database/BaseConnection.php(722): CodeIgniter\Database\MySQLi\Connection->execute('SELECT br.namab...')
#2 /home/trxspider/api/api-gucitoak.softwarebali.com/system/Database/BaseConnection.php(636): CodeIgniter\Database\BaseConnection->simpleQuery('SELECT br.namab...')
#3 /home/trxspider/api/api-gucitoak.softwarebali.com/app/Models/V1/Mdl_retur.php(200): CodeIgniter\Database\BaseConnection->query('SELECT br.namab...', '1')
#4 /home/trxspider/api/api-gucitoak.softwarebali.com/app/Controllers/V1/Retur.php(100): App\Models\V1\Mdl_retur->barang_returpel('1')
#5 /home/trxspider/api/api-gucitoak.softwarebali.com/system/CodeIgniter.php(933): App\Controllers\V1\Retur->getbarang_returpel()
#6 /home/trxspider/api/api-gucitoak.softwarebali.com/system/CodeIgniter.php(509): CodeIgniter\CodeIgniter->runController(Object(App\Controllers\V1\Retur))
#7 /home/trxspider/api/api-gucitoak.softwarebali.com/system/CodeIgniter.php(355): CodeIgniter\CodeIgniter->handleRequest(NULL, Object(Config\Cache), false)
#8 /home/trxspider/api/api-gucitoak.softwarebali.com/system/Boot.php(312): CodeIgniter\CodeIgniter->run()
#9 /home/trxspider/api/api-gucitoak.softwarebali.com/system/Boot.php(67): CodeIgniter\Boot::runCodeIgniter(Object(CodeIgniter\CodeIgniter))
#10 /home/trxspider/api/api-gucitoak.softwarebali.com/public/index.php(56): CodeIgniter\Boot::bootWeb(Object(Config\Paths))
#11 {main}
CRITICAL - 2024-12-28 11:15:24 --> CodeIgniter\Database\Exceptions\DatabaseException: Unknown column 'rbd.id' in 'where clause'
[Method: POST, Route: v1/retur/getbarang_returpel]
in SYSTEMPATH/Database/BaseConnection.php on line 676.
 1 APPPATH/Models/V1/Mdl_retur.php(200): CodeIgniter\Database\BaseConnection->query('SELECT br.namabarang, sum(rjd.jumlah) as jumlah
                FROM
                    barang br 
                INNER JOIN 
                    barang_detail bd ON br.id=bd.barang_id
                INNER JOIN
                    retur_jual_detail rjd ON rjd.barcode=bd.barcode
                WHERE rbd.id=?
                GROUP BY br.id, br.namabarang
        ', '1')
 2 APPPATH/Controllers/V1/Retur.php(100): App\Models\V1\Mdl_retur->barang_returpel('1')
 3 SYSTEMPATH/CodeIgniter.php(933): App\Controllers\V1\Retur->getbarang_returpel()
 4 SYSTEMPATH/CodeIgniter.php(509): CodeIgniter\CodeIgniter->runController(Object(App\Controllers\V1\Retur))
 5 SYSTEMPATH/CodeIgniter.php(355): CodeIgniter\CodeIgniter->handleRequest(null, Object(Config\Cache), false)
 6 SYSTEMPATH/Boot.php(312): CodeIgniter\CodeIgniter->run()
 7 SYSTEMPATH/Boot.php(67): CodeIgniter\Boot::runCodeIgniter(Object(CodeIgniter\CodeIgniter))
 8 FCPATH/index.php(56): CodeIgniter\Boot::bootWeb(Object(Config\Paths))
CRITICAL - 2024-12-28 11:15:24 --> [Caused by] CodeIgniter\Database\Exceptions\DatabaseException: Unknown column 'rbd.id' in 'where clause'
in SYSTEMPATH/Database/MySQLi/Connection.php on line 313.
 1 SYSTEMPATH/Database/BaseConnection.php(722): CodeIgniter\Database\MySQLi\Connection->execute('SELECT br.namabarang, sum(rjd.jumlah) as jumlah
                FROM
                    barang br 
                INNER JOIN 
                    barang_detail bd ON br.id=bd.barang_id
                INNER JOIN
                    retur_jual_detail rjd ON rjd.barcode=bd.barcode
                WHERE rbd.id=\'1\'
                GROUP BY br.id, br.namabarang
        ')
 2 SYSTEMPATH/Database/BaseConnection.php(636): CodeIgniter\Database\BaseConnection->simpleQuery('SELECT br.namabarang, sum(rjd.jumlah) as jumlah
                FROM
                    barang br 
                INNER JOIN 
                    barang_detail bd ON br.id=bd.barang_id
                INNER JOIN
                    retur_jual_detail rjd ON rjd.barcode=bd.barcode
                WHERE rbd.id=\'1\'
                GROUP BY br.id, br.namabarang
        ')
 3 APPPATH/Models/V1/Mdl_retur.php(200): CodeIgniter\Database\BaseConnection->query('SELECT br.namabarang, sum(rjd.jumlah) as jumlah
                FROM
                    barang br 
                INNER JOIN 
                    barang_detail bd ON br.id=bd.barang_id
                INNER JOIN
                    retur_jual_detail rjd ON rjd.barcode=bd.barcode
                WHERE rbd.id=?
                GROUP BY br.id, br.namabarang
        ', '1')
 4 APPPATH/Controllers/V1/Retur.php(100): App\Models\V1\Mdl_retur->barang_returpel('1')
 5 SYSTEMPATH/CodeIgniter.php(933): App\Controllers\V1\Retur->getbarang_returpel()
 6 SYSTEMPATH/CodeIgniter.php(509): CodeIgniter\CodeIgniter->runController(Object(App\Controllers\V1\Retur))
 7 SYSTEMPATH/CodeIgniter.php(355): CodeIgniter\CodeIgniter->handleRequest(null, Object(Config\Cache), false)
 8 SYSTEMPATH/Boot.php(312): CodeIgniter\CodeIgniter->run()
 9 SYSTEMPATH/Boot.php(67): CodeIgniter\Boot::runCodeIgniter(Object(CodeIgniter\CodeIgniter))
10 FCPATH/index.php(56): CodeIgniter\Boot::bootWeb(Object(Config\Paths))
CRITICAL - 2024-12-28 11:15:24 --> [Caused by] mysqli_sql_exception: Unknown column 'rbd.id' in 'where clause'
in SYSTEMPATH/Database/MySQLi/Connection.php on line 308.
 1 SYSTEMPATH/Database/MySQLi/Connection.php(308): mysqli->query('SELECT br.namabarang, sum(rjd.jumlah) as jumlah
                FROM
                    barang br 
                INNER JOIN 
                    barang_detail bd ON br.id=bd.barang_id
                INNER JOIN
                    retur_jual_detail rjd ON rjd.barcode=bd.barcode
                WHERE rbd.id=\'1\'
                GROUP BY br.id, br.namabarang
        ', 0)
 2 SYSTEMPATH/Database/BaseConnection.php(722): CodeIgniter\Database\MySQLi\Connection->execute('SELECT br.namabarang, sum(rjd.jumlah) as jumlah
                FROM
                    barang br 
                INNER JOIN 
                    barang_detail bd ON br.id=bd.barang_id
                INNER JOIN
                    retur_jual_detail rjd ON rjd.barcode=bd.barcode
                WHERE rbd.id=\'1\'
                GROUP BY br.id, br.namabarang
        ')
 3 SYSTEMPATH/Database/BaseConnection.php(636): CodeIgniter\Database\BaseConnection->simpleQuery('SELECT br.namabarang, sum(rjd.jumlah) as jumlah
                FROM
                    barang br 
                INNER JOIN 
                    barang_detail bd ON br.id=bd.barang_id
                INNER JOIN
                    retur_jual_detail rjd ON rjd.barcode=bd.barcode
                WHERE rbd.id=\'1\'
                GROUP BY br.id, br.namabarang
        ')
 4 APPPATH/Models/V1/Mdl_retur.php(200): CodeIgniter\Database\BaseConnection->query('SELECT br.namabarang, sum(rjd.jumlah) as jumlah
                FROM
                    barang br 
                INNER JOIN 
                    barang_detail bd ON br.id=bd.barang_id
                INNER JOIN
                    retur_jual_detail rjd ON rjd.barcode=bd.barcode
                WHERE rbd.id=?
                GROUP BY br.id, br.namabarang
        ', '1')
 5 APPPATH/Controllers/V1/Retur.php(100): App\Models\V1\Mdl_retur->barang_returpel('1')
 6 SYSTEMPATH/CodeIgniter.php(933): App\Controllers\V1\Retur->getbarang_returpel()
 7 SYSTEMPATH/CodeIgniter.php(509): CodeIgniter\CodeIgniter->runController(Object(App\Controllers\V1\Retur))
 8 SYSTEMPATH/CodeIgniter.php(355): CodeIgniter\CodeIgniter->handleRequest(null, Object(Config\Cache), false)
 9 SYSTEMPATH/Boot.php(312): CodeIgniter\CodeIgniter->run()
10 SYSTEMPATH/Boot.php(67): CodeIgniter\Boot::runCodeIgniter(Object(CodeIgniter\CodeIgniter))
11 FCPATH/index.php(56): CodeIgniter\Boot::bootWeb(Object(Config\Paths))
INFO - 2024-12-28 11:15:36 --> Session: Class initialized using 'CodeIgniter\Session\Handlers\FileHandler' driver.
INFO - 2024-12-28 11:15:43 --> Session: Class initialized using 'CodeIgniter\Session\Handlers\FileHandler' driver.
INFO - 2024-12-28 11:15:44 --> Session: Class initialized using 'CodeIgniter\Session\Handlers\FileHandler' driver.
